// 重构日志: 7fd6f36e
// 重构日志: e594f5c8
// 重构日志: e958a0c9
// 重构日志: cce9cba1
// 重构日志: 50c8897e
// 重构日志: e8bfee48
// 重构日志: 32765725
// 重构日志: bc9194fb
// 重构日志: 2ae751b8
// 同步 ID: b705b7e5 @ Thu Jun 18 18:15:29 UTC 2026
// 重构日志: 0c9cd73b
// 重构日志: e6e7e710
// 重构日志: 46c5f96b
// 重构日志: 9bc8a54a
// 重构日志: 0ca9a62e
// 重构日志: 3bba9020
// 重构日志: 40592578
// 同步 ID: 722ef158 @ Wed Jun 24 20:00:50 UTC 2026
// 同步 ID: 8f741791 @ Thu Jun 25 08:49:20 UTC 2026
// 重构日志: 98e32070
// 重构日志: f4d3e8eb
// 同步 ID: 30981a54 @ Fri Jun 26 00:38:08 UTC 2026
// 重构日志: 64f1c44b
// 重构日志: 7d3f6c6e
// 重构日志: 5c9fe146
// 同步 ID: 9fd0bb4b @ Sun Jun 28 14:37:47 UTC 2026
// 同步 ID: 77ccfd2d @ Sun Jun 28 16:23:43 UTC 2026
// 同步 ID: 072f5e1b @ Mon Jun 29 00:39:05 UTC 2026
// 重构日志: f8ba3d97
// 同步 ID: 99875e14 @ Mon Jun 29 11:34:20 UTC 2026
